[2020-09-16T17:39:58.250] [DEBUG] cheese - login => username:zs,password:123456
[2020-09-16T17:39:58.251] [DEBUG] cheese - zs
[2020-09-16T17:39:58.541] [DEBUG] cheese - null
[2020-09-16T17:39:58.541] [DEBUG] cheese - null
[2020-09-16T17:40:39.674] [DEBUG] cheese - login => username:admin,password:123456
[2020-09-16T17:40:39.674] [DEBUG] cheese - admin
[2020-09-16T17:40:39.678] [DEBUG] cheese - null
[2020-09-16T17:40:39.678] [DEBUG] cheese - null
[2020-09-17T13:26:12.794] [DEBUG] cheese - login => username:二二恶,password:ssddfgghhj
[2020-09-17T13:26:12.798] [DEBUG] cheese - 二二恶
[2020-09-17T13:26:12.886] [DEBUG] cheese - null
[2020-09-17T13:26:12.887] [DEBUG] cheese - null
[2020-09-17T13:26:58.045] [DEBUG] cheese - login => username:Fireming,password:123456
[2020-09-17T13:26:58.045] [DEBUG] cheese - Fireming
[2020-09-17T13:26:58.047] [DEBUG] cheese - null
[2020-09-17T13:26:58.047] [DEBUG] cheese - null
[2020-09-17T13:29:54.681] [DEBUG] cheese - login => username:Fireming,password:123456
[2020-09-17T13:29:54.681] [DEBUG] cheese - Fireming
[2020-09-17T13:29:54.684] [DEBUG] cheese - null
[2020-09-17T13:29:54.684] [DEBUG] cheese - null
[2020-09-17T13:29:57.975] [DEBUG] cheese - login => username:Fireming,password:123456
[2020-09-17T13:29:57.975] [DEBUG] cheese - Fireming
[2020-09-17T13:29:57.976] [DEBUG] cheese - null
[2020-09-17T13:29:57.976] [DEBUG] cheese - null
[2020-09-17T13:30:30.570] [DEBUG] cheese - login => username:admin,password:123456
[2020-09-17T13:30:30.570] [DEBUG] cheese - admin
[2020-09-17T13:30:30.573] [DEBUG] cheese - null
[2020-09-17T13:30:30.573] [DEBUG] cheese - null
[2020-09-17T13:36:25.221] [DEBUG] cheese - login => username:Fireming,password:123456
[2020-09-17T13:36:25.221] [DEBUG] cheese - Fireming
[2020-09-17T13:36:25.223] [DEBUG] cheese - null
[2020-09-17T13:36:25.223] [DEBUG] cheese - null
[2020-09-17T13:36:29.858] [DEBUG] cheese - login => username:admin,password:123456
[2020-09-17T13:36:29.858] [DEBUG] cheese - admin
[2020-09-17T13:36:29.860] [DEBUG] cheese - null
[2020-09-17T13:36:29.860] [DEBUG] cheese - null
[2020-09-17T18:14:16.046] [DEBUG] cheese - login => username:Fireming,password:123456
[2020-09-17T18:14:16.047] [DEBUG] cheese - Fireming
[2020-09-17T18:14:16.053] [DEBUG] cheese - null
[2020-09-17T18:14:16.054] [DEBUG] cheese - null
[2020-09-17T18:14:20.156] [DEBUG] cheese - login => username:Fireming,password:123456
[2020-09-17T18:14:20.156] [DEBUG] cheese - Fireming
[2020-09-17T18:14:20.158] [DEBUG] cheese - null
[2020-09-17T18:14:20.159] [DEBUG] cheese - null
[2020-09-17T18:14:23.663] [DEBUG] cheese - login => username:Fireming,password:123456
[2020-09-17T18:14:23.663] [DEBUG] cheese - Fireming
[2020-09-17T18:14:23.665] [DEBUG] cheese - null
[2020-09-17T18:14:23.665] [DEBUG] cheese - null
[2020-09-17T18:15:01.858] [DEBUG] cheese - login => username:admin,password:123456
[2020-09-17T18:15:01.858] [DEBUG] cheese - admin
[2020-09-17T18:15:01.864] [DEBUG] cheese - null
[2020-09-17T18:15:01.864] [DEBUG] cheese - null
[2020-09-17T18:15:04.738] [DEBUG] cheese - login => username:Fireming,password:123456
[2020-09-17T18:15:04.738] [DEBUG] cheese - Fireming
[2020-09-17T18:15:04.739] [DEBUG] cheese - null
[2020-09-17T18:15:04.739] [DEBUG] cheese - null
[2020-09-17T18:15:05.751] [DEBUG] cheese - login => username:Fireming,password:123456
[2020-09-17T18:15:05.752] [DEBUG] cheese - Fireming
[2020-09-17T18:15:05.755] [DEBUG] cheese - null
[2020-09-17T18:15:05.755] [DEBUG] cheese - null
[2020-09-17T18:15:08.777] [DEBUG] cheese - login => username:Fireming,password:123456
[2020-09-17T18:15:08.778] [DEBUG] cheese - Fireming
[2020-09-17T18:15:08.779] [DEBUG] cheese - null
[2020-09-17T18:15:08.779] [DEBUG] cheese - null
[2020-09-17T18:37:15.370] [DEBUG] cheese - login => username:Fireming,password:123456
[2020-09-17T18:37:15.370] [DEBUG] cheese - Fireming
[2020-09-17T18:37:15.372] [DEBUG] cheese - null
[2020-09-17T18:37:15.372] [DEBUG] cheese - null
[2020-09-17T21:47:17.132] [DEBUG] cheese - login => username:Fireming,password:123456
[2020-09-17T21:47:17.132] [DEBUG] cheese - Fireming
[2020-09-17T21:47:17.133] [DEBUG] cheese - null
[2020-09-17T21:47:17.134] [DEBUG] cheese - null
[2020-09-18T10:14:48.744] [DEBUG] cheese - login => username:Fireming,password:123456
[2020-09-18T10:14:48.745] [DEBUG] cheese - Fireming
[2020-09-18T10:14:48.821] [DEBUG] cheese - null
[2020-09-18T10:14:48.822] [DEBUG] cheese - null
[2020-09-18T10:35:09.438] [DEBUG] cheese - login => username:Fireming,password:123456
[2020-09-18T10:35:09.438] [DEBUG] cheese - Fireming
[2020-09-18T10:35:09.440] [DEBUG] cheese - null
[2020-09-18T10:35:09.441] [DEBUG] cheese - null
[2020-09-18T10:46:21.272] [DEBUG] cheese - login => username:Fireming,password:123456
[2020-09-18T10:46:21.272] [DEBUG] cheese - Fireming
[2020-09-18T10:46:21.275] [DEBUG] cheese - null
[2020-09-18T10:46:21.275] [DEBUG] cheese - null
[2020-09-18T10:46:27.060] [DEBUG] cheese - login => username:Fireming,password:123456
[2020-09-18T10:46:27.060] [DEBUG] cheese - Fireming
[2020-09-18T10:46:27.063] [DEBUG] cheese - null
[2020-09-18T10:46:27.063] [DEBUG] cheese - null
[2020-09-18T10:46:55.472] [DEBUG] cheese - login => username:admin,password:123456
[2020-09-18T10:46:55.472] [DEBUG] cheese - admin
[2020-09-18T10:46:55.476] [DEBUG] cheese - null
[2020-09-18T10:46:55.476] [DEBUG] cheese - null
[2020-09-18T10:49:21.109] [DEBUG] cheese - login => username:admin,password:123456
[2020-09-18T10:49:21.109] [DEBUG] cheese - admin
[2020-09-18T10:49:21.111] [DEBUG] cheese - null
[2020-09-18T10:49:21.112] [DEBUG] cheese - null
[2020-09-18T10:53:55.019] [DEBUG] cheese - login => username:admin,password:123456
[2020-09-18T10:53:55.019] [DEBUG] cheese - admin
[2020-09-18T10:53:55.021] [DEBUG] cheese - null
[2020-09-18T10:53:55.021] [DEBUG] cheese - null
[2020-09-18T10:54:56.628] [DEBUG] cheese - login => username:admin,password:123456
[2020-09-18T10:54:56.629] [DEBUG] cheese - admin
[2020-09-18T10:54:56.631] [DEBUG] cheese - null
[2020-09-18T10:54:56.631] [DEBUG] cheese - null
[2020-09-18T11:13:18.259] [DEBUG] cheese - login => username:admin,password:123456
[2020-09-18T11:13:18.260] [DEBUG] cheese - admin
[2020-09-18T11:13:18.265] [DEBUG] cheese - null
[2020-09-18T11:13:18.265] [DEBUG] cheese - null
[2020-09-18T11:15:04.572] [DEBUG] cheese - login => username:admin,password:123456
[2020-09-18T11:15:04.572] [DEBUG] cheese - admin
[2020-09-18T11:15:04.574] [DEBUG] cheese - null
[2020-09-18T11:15:04.574] [DEBUG] cheese - null
[2020-09-18T11:15:07.716] [DEBUG] cheese - login => username:admin,password:123456
[2020-09-18T11:15:07.716] [DEBUG] cheese - admin
[2020-09-18T11:15:07.721] [DEBUG] cheese - null
[2020-09-18T11:15:07.721] [DEBUG] cheese - null
[2020-09-18T12:44:04.190] [DEBUG] cheese - login => username:admin,password:123456
[2020-09-18T12:44:04.190] [DEBUG] cheese - admin
[2020-09-18T12:44:04.192] [DEBUG] cheese - null
[2020-09-18T12:44:04.192] [DEBUG] cheese - null
[2020-09-18T13:25:35.457] [DEBUG] cheese - login => username:admin,password:123456
[2020-09-18T13:25:35.457] [DEBUG] cheese - admin
[2020-09-18T13:25:35.461] [DEBUG] cheese - null
[2020-09-18T13:25:35.461] [DEBUG] cheese - null
[2020-09-18T13:27:29.498] [DEBUG] cheese - login => username:admin,password:123456
[2020-09-18T13:27:29.498] [DEBUG] cheese - admin
[2020-09-18T13:27:29.500] [DEBUG] cheese - null
[2020-09-18T13:27:29.500] [DEBUG] cheese - null
[2020-09-18T16:44:29.617] [DEBUG] cheese - login => username:admin,password:123456
[2020-09-18T16:44:29.618] [DEBUG] cheese - admin
[2020-09-18T16:44:29.621] [DEBUG] cheese - null
[2020-09-18T16:44:29.622] [DEBUG] cheese - null
[2020-09-18T16:50:10.757] [DEBUG] cheese - login => username:admin,password:123456
[2020-09-18T16:50:10.757] [DEBUG] cheese - admin
[2020-09-18T16:50:10.760] [DEBUG] cheese - null
[2020-09-18T16:50:10.760] [DEBUG] cheese - null
[2020-09-18T18:10:23.988] [DEBUG] cheese - login => username:admin,password:123456
[2020-09-18T18:10:23.989] [DEBUG] cheese - admin
[2020-09-18T18:10:23.996] [DEBUG] cheese - null
[2020-09-18T18:10:23.996] [DEBUG] cheese - null
[2020-09-18T22:06:38.566] [DEBUG] cheese - login => username:admin,password:123456
[2020-09-18T22:06:38.566] [DEBUG] cheese - admin
[2020-09-18T22:06:38.571] [DEBUG] cheese - null
[2020-09-18T22:06:38.571] [DEBUG] cheese - null
[2020-09-18T22:30:27.071] [DEBUG] cheese - login => username:admin,password:123456
[2020-09-18T22:30:27.071] [DEBUG] cheese - admin
[2020-09-18T22:30:27.073] [DEBUG] cheese - null
[2020-09-18T22:30:27.073] [DEBUG] cheese - null
[2020-09-18T22:31:40.751] [DEBUG] cheese - login => username:admin,password:123456
[2020-09-18T22:31:40.751] [DEBUG] cheese - admin
[2020-09-18T22:31:40.753] [DEBUG] cheese - null
[2020-09-18T22:31:40.753] [DEBUG] cheese - null
[2020-09-18T22:43:16.261] [DEBUG] cheese - login => username:admin,password:123456
[2020-09-18T22:43:16.261] [DEBUG] cheese - admin
[2020-09-18T22:43:16.264] [DEBUG] cheese - null
[2020-09-18T22:43:16.264] [DEBUG] cheese - null
[2020-09-19T09:06:36.396] [DEBUG] cheese - login => username:admin,password:123456
[2020-09-19T09:06:36.400] [DEBUG] cheese - admin
[2020-09-19T09:06:36.495] [DEBUG] cheese - null
[2020-09-19T09:06:36.496] [DEBUG] cheese - null
[2020-09-19T11:22:28.385] [DEBUG] cheese - login => username:admin,password:123456
[2020-09-19T11:22:28.386] [DEBUG] cheese - admin
[2020-09-19T11:22:28.388] [DEBUG] cheese - null
[2020-09-19T11:22:28.389] [DEBUG] cheese - null
[2020-09-19T14:58:07.888] [DEBUG] cheese - login => username:admin,password:123456
[2020-09-19T14:58:07.888] [DEBUG] cheese - admin
[2020-09-19T14:58:08.236] [DEBUG] cheese - null
[2020-09-19T14:58:08.236] [DEBUG] cheese - null
[2020-09-20T14:18:32.185] [DEBUG] cheese - login => username:admin,password:123456
[2020-09-20T14:18:32.186] [DEBUG] cheese - admin
[2020-09-20T14:18:32.495] [DEBUG] cheese - null
[2020-09-20T14:18:32.497] [DEBUG] cheese - null
[2020-09-20T14:28:41.831] [DEBUG] cheese - login => username:admin,password:123456
[2020-09-20T14:28:41.831] [DEBUG] cheese - admin
[2020-09-20T14:28:41.833] [DEBUG] cheese - null
[2020-09-20T14:28:41.834] [DEBUG] cheese - null
[2020-09-20T14:30:55.974] [DEBUG] cheese - login => username:admin,password:123456
[2020-09-20T14:30:55.974] [DEBUG] cheese - admin
[2020-09-20T14:30:55.976] [DEBUG] cheese - null
[2020-09-20T14:30:55.976] [DEBUG] cheese - null
[2020-09-20T17:30:01.286] [DEBUG] cheese - login => username:admin,password:123456
[2020-09-20T17:30:01.290] [DEBUG] cheese - admin
[2020-09-20T17:30:01.317] [DEBUG] cheese - null
[2020-09-20T17:30:01.317] [DEBUG] cheese - null
[2020-09-20T17:45:09.553] [DEBUG] cheese - login => username:Fireming,password:123456
[2020-09-20T17:45:09.553] [DEBUG] cheese - Fireming
[2020-09-20T17:45:09.554] [DEBUG] cheese - null
[2020-09-20T17:45:09.554] [DEBUG] cheese - null
[2020-09-20T17:45:13.949] [DEBUG] cheese - login => username:admin,password:123456
[2020-09-20T17:45:13.949] [DEBUG] cheese - admin
[2020-09-20T17:45:13.951] [DEBUG] cheese - null
[2020-09-20T17:45:13.951] [DEBUG] cheese - null
[2020-09-20T17:45:58.979] [DEBUG] cheese - login => username:oMing,password:462139chm
[2020-09-20T17:45:58.979] [DEBUG] cheese - oMing
[2020-09-20T17:45:58.982] [DEBUG] cheese - null
[2020-09-20T17:45:58.982] [DEBUG] cheese - null
[2020-09-20T17:46:01.522] [DEBUG] cheese - login => username:admin,password:123456
[2020-09-20T17:46:01.522] [DEBUG] cheese - admin
[2020-09-20T17:46:01.524] [DEBUG] cheese - null
[2020-09-20T17:46:01.525] [DEBUG] cheese - null
[2020-09-20T17:46:18.555] [DEBUG] cheese - login => username:oMing,password:462139chm
[2020-09-20T17:46:18.555] [DEBUG] cheese - oMing
[2020-09-20T17:46:18.557] [DEBUG] cheese - null
[2020-09-20T17:46:18.557] [DEBUG] cheese - null
[2020-09-20T17:46:20.587] [DEBUG] cheese - login => username:admin,password:123456
[2020-09-20T17:46:20.587] [DEBUG] cheese - admin
[2020-09-20T17:46:20.589] [DEBUG] cheese - null
[2020-09-20T17:46:20.590] [DEBUG] cheese - null
[2020-09-21T08:59:45.256] [DEBUG] cheese - login => username:admin,password:123456
[2020-09-21T08:59:45.257] [DEBUG] cheese - admin
[2020-09-21T08:59:45.357] [DEBUG] cheese - null
[2020-09-21T08:59:45.357] [DEBUG] cheese - null
[2020-09-21T14:06:56.601] [DEBUG] cheese - null
[2020-09-21T14:08:09.189] [DEBUG] cheese - null
[2020-09-21T22:42:47.852] [DEBUG] cheese - login => username:admin,password:123456
[2020-09-21T22:42:47.854] [DEBUG] cheese - admin
[2020-09-21T22:42:48.167] [DEBUG] cheese - null
[2020-09-21T22:42:48.167] [DEBUG] cheese - null
[2020-09-23T17:35:03.252] [DEBUG] cheese - login => username:admin,password:123456
[2020-09-23T17:35:03.256] [DEBUG] cheese - admin
[2020-09-23T17:35:03.373] [DEBUG] cheese - null
[2020-09-23T17:35:03.373] [DEBUG] cheese - null
[2020-09-23T17:38:22.401] [DEBUG] cheese - login => username:admin,password:123456
[2020-09-23T17:38:22.401] [DEBUG] cheese - admin
[2020-09-23T17:38:22.403] [DEBUG] cheese - null
[2020-09-23T17:38:22.403] [DEBUG] cheese - null
[2020-09-23T17:41:52.858] [DEBUG] cheese - login => username:admin,password:123456
[2020-09-23T17:41:52.858] [DEBUG] cheese - admin
[2020-09-23T17:41:52.860] [DEBUG] cheese - null
[2020-09-23T17:41:52.860] [DEBUG] cheese - null
[2020-09-26T13:11:58.671] [DEBUG] cheese - login => username:admin,password:123456
[2020-09-26T13:11:58.674] [DEBUG] cheese - admin
[2020-09-26T13:11:58.785] [DEBUG] cheese - null
[2020-09-26T13:11:58.786] [DEBUG] cheese - null
[2020-09-26T22:01:44.305] [DEBUG] cheese - login => username:admin,password:123456
[2020-09-26T22:01:44.309] [DEBUG] cheese - admin
[2020-09-26T22:01:44.472] [DEBUG] cheese - null
[2020-09-26T22:01:44.473] [DEBUG] cheese - null
[2020-09-26T22:07:18.858] [DEBUG] cheese - login => username:admin,password:123456
[2020-09-26T22:07:18.858] [DEBUG] cheese - admin
[2020-09-26T22:07:18.862] [DEBUG] cheese - null
[2020-09-26T22:07:18.863] [DEBUG] cheese - null
[2020-10-04T18:59:49.559] [DEBUG] cheese - login => username:admin,password:123456
[2020-10-04T18:59:49.563] [DEBUG] cheese - admin
[2020-10-04T18:59:49.920] [DEBUG] cheese - null
[2020-10-04T18:59:49.921] [DEBUG] cheese - null
[2020-10-09T09:52:36.105] [DEBUG] cheese - login => username:admin,password:123456
[2020-10-09T09:52:36.108] [DEBUG] cheese - admin
[2020-10-09T09:52:36.216] [DEBUG] cheese - null
[2020-10-09T09:52:36.217] [DEBUG] cheese - null
[2020-10-09T09:54:17.988] [DEBUG] cheese - login => username:admin,password:123456
[2020-10-09T09:54:17.988] [DEBUG] cheese - admin
[2020-10-09T09:54:17.990] [DEBUG] cheese - null
[2020-10-09T09:54:17.990] [DEBUG] cheese - null
[2020-10-09T09:58:42.651] [DEBUG] cheese - login => username:admin,password:123456
[2020-10-09T09:58:42.652] [DEBUG] cheese - admin
[2020-10-09T09:58:42.660] [DEBUG] cheese - null
[2020-10-09T09:58:42.661] [DEBUG] cheese - null
[2020-10-09T09:59:45.902] [DEBUG] cheese - login => username:admin,password:123456
[2020-10-09T09:59:45.902] [DEBUG] cheese - admin
[2020-10-09T09:59:45.904] [DEBUG] cheese - null
[2020-10-09T09:59:45.904] [DEBUG] cheese - null
[2020-10-09T10:32:17.300] [DEBUG] cheese - login => username:admin,password:123456
[2020-10-09T10:32:17.300] [DEBUG] cheese - admin
[2020-10-09T10:32:17.305] [DEBUG] cheese - null
[2020-10-09T10:32:17.305] [DEBUG] cheese - null
[2020-10-17T09:44:16.897] [DEBUG] cheese - login => username:admin,password:123456
[2020-10-17T09:44:16.898] [DEBUG] cheese - admin
[2020-10-17T09:44:16.997] [DEBUG] cheese - null
[2020-10-17T09:44:16.998] [DEBUG] cheese - null
